<?xml version="1.0" encoding="UTF-8"?>
<testsuite xmlns:xsi="http://www.w3.org/2001/XMLSchema-instance" xsi:noNamespaceSchemaLocation="https://maven.apache.org/surefire/maven-surefire-plugin/xsd/surefire-test-report.xsd" name="TestSuite" time="6.02" tests="0" errors="0" skipped="0" failures="0">
  <properties>
    <property name="gopherProxySet" value="false"/>
    <property name="awt.toolkit" value="sun.lwawt.macosx.LWCToolkit"/>
    <property name="file.encoding.pkg" value="sun.io"/>
    <property name="java.specification.version" value="1.8"/>
    <property name="sun.cpu.isalist" value=""/>
    <property name="sun.jnu.encoding" value="UTF-8"/>
    <property name="java.class.path" value="/Users/veeraprathapmalepati/IdeaProjects/RestAssured/target/test-classes:/Users/veeraprathapmalepati/IdeaProjects/RestAssured/target/classes:/Users/veeraprathapmalepati/.m2/repository/io/rest-assured/rest-assured/3.3.0/rest-assured-3.3.0.jar:/Users/veeraprathapmalepati/.m2/repository/org/codehaus/groovy/groovy/2.4.15/groovy-2.4.15.jar:/Users/veeraprathapmalepati/.m2/repository/org/codehaus/groovy/groovy-xml/2.4.15/groovy-xml-2.4.15.jar:/Users/veeraprathapmalepati/.m2/repository/org/apache/httpcomponents/httpclient/4.5.3/httpclient-4.5.3.jar:/Users/veeraprathapmalepati/.m2/repository/org/apache/httpcomponents/httpcore/4.4.6/httpcore-4.4.6.jar:/Users/veeraprathapmalepati/.m2/repository/commons-logging/commons-logging/1.2/commons-logging-1.2.jar:/Users/veeraprathapmalepati/.m2/repository/commons-codec/commons-codec/1.9/commons-codec-1.9.jar:/Users/veeraprathapmalepati/.m2/repository/org/apache/httpcomponents/httpmime/4.5.3/httpmime-4.5.3.jar:/Users/veeraprathapmalepati/.m2/repository/org/hamcrest/hamcrest-core/1.3/hamcrest-core-1.3.jar:/Users/veeraprathapmalepati/.m2/repository/org/hamcrest/hamcrest-library/1.3/hamcrest-library-1.3.jar:/Users/veeraprathapmalepati/.m2/repository/org/ccil/cowan/tagsoup/tagsoup/1.2.1/tagsoup-1.2.1.jar:/Users/veeraprathapmalepati/.m2/repository/io/rest-assured/json-path/3.3.0/json-path-3.3.0.jar:/Users/veeraprathapmalepati/.m2/repository/org/codehaus/groovy/groovy-json/2.4.15/groovy-json-2.4.15.jar:/Users/veeraprathapmalepati/.m2/repository/io/rest-assured/rest-assured-common/3.3.0/rest-assured-common-3.3.0.jar:/Users/veeraprathapmalepati/.m2/repository/io/rest-assured/xml-path/3.3.0/xml-path-3.3.0.jar:/Users/veeraprathapmalepati/.m2/repository/javax/xml/bind/jaxb-api/2.2.12/jaxb-api-2.2.12.jar:/Users/veeraprathapmalepati/.m2/repository/com/sun/xml/bind/jaxb-osgi/2.2.10/jaxb-osgi-2.2.10.jar:/Users/veeraprathapmalepati/.m2/repository/org/apache/sling/org.apache.sling.javax.activation/0.1.0/org.apache.sling.javax.activation-0.1.0.jar:/Users/veeraprathapmalepati/.m2/repository/javax/activation/activation/1.1.1/activation-1.1.1.jar:/Users/veeraprathapmalepati/.m2/repository/io/rest-assured/json-schema-validator/3.3.0/json-schema-validator-3.3.0.jar:/Users/veeraprathapmalepati/.m2/repository/com/github/java-json-tools/json-schema-validator/2.2.10/json-schema-validator-2.2.10.jar:/Users/veeraprathapmalepati/.m2/repository/com/github/java-json-tools/json-schema-core/1.2.10/json-schema-core-1.2.10.jar:/Users/veeraprathapmalepati/.m2/repository/com/github/java-json-tools/jackson-coreutils/1.9/jackson-coreutils-1.9.jar:/Users/veeraprathapmalepati/.m2/repository/com/github/fge/msg-simple/1.1/msg-simple-1.1.jar:/Users/veeraprathapmalepati/.m2/repository/com/github/fge/btf/1.2/btf-1.2.jar:/Users/veeraprathapmalepati/.m2/repository/com/github/fge/uri-template/0.9/uri-template-0.9.jar:/Users/veeraprathapmalepati/.m2/repository/org/mozilla/rhino/1.7.7.1/rhino-1.7.7.1.jar:/Users/veeraprathapmalepati/.m2/repository/javax/mail/mailapi/1.4.3/mailapi-1.4.3.jar:/Users/veeraprathapmalepati/.m2/repository/joda-time/joda-time/2.9.7/joda-time-2.9.7.jar:/Users/veeraprathapmalepati/.m2/repository/com/googlecode/libphonenumber/libphonenumber/8.0.0/libphonenumber-8.0.0.jar:/Users/veeraprathapmalepati/.m2/repository/com/google/code/findbugs/jsr305/3.0.1/jsr305-3.0.1.jar:/Users/veeraprathapmalepati/.m2/repository/net/sf/jopt-simple/jopt-simple/5.0.3/jopt-simple-5.0.3.jar:/Users/veeraprathapmalepati/.m2/repository/com/fasterxml/jackson/core/jackson-core/2.9.6/jackson-core-2.9.6.jar:/Users/veeraprathapmalepati/.m2/repository/com/fasterxml/jackson/core/jackson-annotations/2.9.6/jackson-annotations-2.9.6.jar:/Users/veeraprathapmalepati/.m2/repository/com/fasterxml/jackson/core/jackson-databind/2.9.6/jackson-databind-2.9.6.jar:/Users/veeraprathapmalepati/.m2/repository/com/github/javafaker/javafaker/0.15/javafaker-0.15.jar:/Users/veeraprathapmalepati/.m2/repository/org/apache/commons/commons-lang3/3.5/commons-lang3-3.5.jar:/Users/veeraprathapmalepati/.m2/repository/org/yaml/snakeyaml/1.20/snakeyaml-1.20-android.jar:/Users/veeraprathapmalepati/.m2/repository/com/github/mifmif/generex/1.0.2/generex-1.0.2.jar:/Users/veeraprathapmalepati/.m2/repository/dk/brics/automaton/automaton/1.11-8/automaton-1.11-8.jar:/Users/veeraprathapmalepati/.m2/repository/org/testng/testng/7.1.0/testng-7.1.0.jar:/Users/veeraprathapmalepati/.m2/repository/com/beust/jcommander/1.72/jcommander-1.72.jar:/Users/veeraprathapmalepati/.m2/repository/com/google/inject/guice/4.1.0/guice-4.1.0-no_aop.jar:/Users/veeraprathapmalepati/.m2/repository/javax/inject/javax.inject/1/javax.inject-1.jar:/Users/veeraprathapmalepati/.m2/repository/aopalliance/aopalliance/1.0/aopalliance-1.0.jar:/Users/veeraprathapmalepati/.m2/repository/com/google/guava/guava/19.0/guava-19.0.jar:/Users/veeraprathapmalepati/.m2/repository/org/yaml/snakeyaml/1.21/snakeyaml-1.21.jar:/Users/veeraprathapmalepati/.m2/repository/io/qameta/allure/allure-testng/2.13.6/allure-testng-2.13.6.jar:/Users/veeraprathapmalepati/.m2/repository/io/qameta/allure/allure-java-commons/2.13.6/allure-java-commons-2.13.6.jar:/Users/veeraprathapmalepati/.m2/repository/io/qameta/allure/allure-model/2.13.6/allure-model-2.13.6.jar:/Users/veeraprathapmalepati/.m2/repository/org/apache/tika/tika-core/1.24.1/tika-core-1.24.1.jar:/Users/veeraprathapmalepati/.m2/repository/org/jooq/joor-java-8/0.9.13/joor-java-8-0.9.13.jar:/Users/veeraprathapmalepati/.m2/repository/org/hamcrest/hamcrest-all/1.3/hamcrest-all-1.3.jar:/Users/veeraprathapmalepati/.m2/repository/org/slf4j/slf4j-simple/1.7.30/slf4j-simple-1.7.30.jar:/Users/veeraprathapmalepati/.m2/repository/org/slf4j/slf4j-api/1.7.30/slf4j-api-1.7.30.jar:"/>
    <property name="java.vm.vendor" value="Oracle Corporation"/>
    <property name="sun.arch.data.model" value="64"/>
    <property name="java.vendor.url" value="http://java.oracle.com/"/>
    <property name="user.timezone" value=""/>
    <property name="user.country.format" value="IN"/>
    <property name="java.vm.specification.version" value="1.8"/>
    <property name="os.name" value="Mac OS X"/>
    <property name="user.country" value="GB"/>
    <property name="sun.java.launcher" value="SUN_STANDARD"/>
    <property name="sun.boot.library.path" value="/Library/Java/JavaVirtualMachines/jdk1.8.0_261.jdk/Contents/Home/jre/lib"/>
    <property name="sun.java.command" value="/Users/veeraprathapmalepati/IdeaProjects/RestAssured/target/surefire/surefirebooter2368835996982627338.jar /Users/veeraprathapmalepati/IdeaProjects/RestAssured/target/surefire 2020-10-27T08-00-15_557-jvmRun1 surefire1925694404209070834tmp surefire_06277316248040441626tmp"/>
    <property name="http.nonProxyHosts" value="local|*.local|169.254/16|*.169.254/16"/>
    <property name="surefire.test.class.path" value="/Users/veeraprathapmalepati/IdeaProjects/RestAssured/target/test-classes:/Users/veeraprathapmalepati/IdeaProjects/RestAssured/target/classes:/Users/veeraprathapmalepati/.m2/repository/io/rest-assured/rest-assured/3.3.0/rest-assured-3.3.0.jar:/Users/veeraprathapmalepati/.m2/repository/org/codehaus/groovy/groovy/2.4.15/groovy-2.4.15.jar:/Users/veeraprathapmalepati/.m2/repository/org/codehaus/groovy/groovy-xml/2.4.15/groovy-xml-2.4.15.jar:/Users/veeraprathapmalepati/.m2/repository/org/apache/httpcomponents/httpclient/4.5.3/httpclient-4.5.3.jar:/Users/veeraprathapmalepati/.m2/repository/org/apache/httpcomponents/httpcore/4.4.6/httpcore-4.4.6.jar:/Users/veeraprathapmalepati/.m2/repository/commons-logging/commons-logging/1.2/commons-logging-1.2.jar:/Users/veeraprathapmalepati/.m2/repository/commons-codec/commons-codec/1.9/commons-codec-1.9.jar:/Users/veeraprathapmalepati/.m2/repository/org/apache/httpcomponents/httpmime/4.5.3/httpmime-4.5.3.jar:/Users/veeraprathapmalepati/.m2/repository/org/hamcrest/hamcrest-core/1.3/hamcrest-core-1.3.jar:/Users/veeraprathapmalepati/.m2/repository/org/hamcrest/hamcrest-library/1.3/hamcrest-library-1.3.jar:/Users/veeraprathapmalepati/.m2/repository/org/ccil/cowan/tagsoup/tagsoup/1.2.1/tagsoup-1.2.1.jar:/Users/veeraprathapmalepati/.m2/repository/io/rest-assured/json-path/3.3.0/json-path-3.3.0.jar:/Users/veeraprathapmalepati/.m2/repository/org/codehaus/groovy/groovy-json/2.4.15/groovy-json-2.4.15.jar:/Users/veeraprathapmalepati/.m2/repository/io/rest-assured/rest-assured-common/3.3.0/rest-assured-common-3.3.0.jar:/Users/veeraprathapmalepati/.m2/repository/io/rest-assured/xml-path/3.3.0/xml-path-3.3.0.jar:/Users/veeraprathapmalepati/.m2/repository/javax/xml/bind/jaxb-api/2.2.12/jaxb-api-2.2.12.jar:/Users/veeraprathapmalepati/.m2/repository/com/sun/xml/bind/jaxb-osgi/2.2.10/jaxb-osgi-2.2.10.jar:/Users/veeraprathapmalepati/.m2/repository/org/apache/sling/org.apache.sling.javax.activation/0.1.0/org.apache.sling.javax.activation-0.1.0.jar:/Users/veeraprathapmalepati/.m2/repository/javax/activation/activation/1.1.1/activation-1.1.1.jar:/Users/veeraprathapmalepati/.m2/repository/io/rest-assured/json-schema-validator/3.3.0/json-schema-validator-3.3.0.jar:/Users/veeraprathapmalepati/.m2/repository/com/github/java-json-tools/json-schema-validator/2.2.10/json-schema-validator-2.2.10.jar:/Users/veeraprathapmalepati/.m2/repository/com/github/java-json-tools/json-schema-core/1.2.10/json-schema-core-1.2.10.jar:/Users/veeraprathapmalepati/.m2/repository/com/github/java-json-tools/jackson-coreutils/1.9/jackson-coreutils-1.9.jar:/Users/veeraprathapmalepati/.m2/repository/com/github/fge/msg-simple/1.1/msg-simple-1.1.jar:/Users/veeraprathapmalepati/.m2/repository/com/github/fge/btf/1.2/btf-1.2.jar:/Users/veeraprathapmalepati/.m2/repository/com/github/fge/uri-template/0.9/uri-template-0.9.jar:/Users/veeraprathapmalepati/.m2/repository/org/mozilla/rhino/1.7.7.1/rhino-1.7.7.1.jar:/Users/veeraprathapmalepati/.m2/repository/javax/mail/mailapi/1.4.3/mailapi-1.4.3.jar:/Users/veeraprathapmalepati/.m2/repository/joda-time/joda-time/2.9.7/joda-time-2.9.7.jar:/Users/veeraprathapmalepati/.m2/repository/com/googlecode/libphonenumber/libphonenumber/8.0.0/libphonenumber-8.0.0.jar:/Users/veeraprathapmalepati/.m2/repository/com/google/code/findbugs/jsr305/3.0.1/jsr305-3.0.1.jar:/Users/veeraprathapmalepati/.m2/repository/net/sf/jopt-simple/jopt-simple/5.0.3/jopt-simple-5.0.3.jar:/Users/veeraprathapmalepati/.m2/repository/com/fasterxml/jackson/core/jackson-core/2.9.6/jackson-core-2.9.6.jar:/Users/veeraprathapmalepati/.m2/repository/com/fasterxml/jackson/core/jackson-annotations/2.9.6/jackson-annotations-2.9.6.jar:/Users/veeraprathapmalepati/.m2/repository/com/fasterxml/jackson/core/jackson-databind/2.9.6/jackson-databind-2.9.6.jar:/Users/veeraprathapmalepati/.m2/repository/com/github/javafaker/javafaker/0.15/javafaker-0.15.jar:/Users/veeraprathapmalepati/.m2/repository/org/apache/commons/commons-lang3/3.5/commons-lang3-3.5.jar:/Users/veeraprathapmalepati/.m2/repository/org/yaml/snakeyaml/1.20/snakeyaml-1.20-android.jar:/Users/veeraprathapmalepati/.m2/repository/com/github/mifmif/generex/1.0.2/generex-1.0.2.jar:/Users/veeraprathapmalepati/.m2/repository/dk/brics/automaton/automaton/1.11-8/automaton-1.11-8.jar:/Users/veeraprathapmalepati/.m2/repository/org/testng/testng/7.1.0/testng-7.1.0.jar:/Users/veeraprathapmalepati/.m2/repository/com/beust/jcommander/1.72/jcommander-1.72.jar:/Users/veeraprathapmalepati/.m2/repository/com/google/inject/guice/4.1.0/guice-4.1.0-no_aop.jar:/Users/veeraprathapmalepati/.m2/repository/javax/inject/javax.inject/1/javax.inject-1.jar:/Users/veeraprathapmalepati/.m2/repository/aopalliance/aopalliance/1.0/aopalliance-1.0.jar:/Users/veeraprathapmalepati/.m2/repository/com/google/guava/guava/19.0/guava-19.0.jar:/Users/veeraprathapmalepati/.m2/repository/org/yaml/snakeyaml/1.21/snakeyaml-1.21.jar:/Users/veeraprathapmalepati/.m2/repository/io/qameta/allure/allure-testng/2.13.6/allure-testng-2.13.6.jar:/Users/veeraprathapmalepati/.m2/repository/io/qameta/allure/allure-java-commons/2.13.6/allure-java-commons-2.13.6.jar:/Users/veeraprathapmalepati/.m2/repository/io/qameta/allure/allure-model/2.13.6/allure-model-2.13.6.jar:/Users/veeraprathapmalepati/.m2/repository/org/apache/tika/tika-core/1.24.1/tika-core-1.24.1.jar:/Users/veeraprathapmalepati/.m2/repository/org/jooq/joor-java-8/0.9.13/joor-java-8-0.9.13.jar:/Users/veeraprathapmalepati/.m2/repository/org/hamcrest/hamcrest-all/1.3/hamcrest-all-1.3.jar:/Users/veeraprathapmalepati/.m2/repository/org/slf4j/slf4j-simple/1.7.30/slf4j-simple-1.7.30.jar:/Users/veeraprathapmalepati/.m2/repository/org/slf4j/slf4j-api/1.7.30/slf4j-api-1.7.30.jar:"/>
    <property name="sun.cpu.endian" value="little"/>
    <property name="user.home" value="/Users/veeraprathapmalepati"/>
    <property name="user.language" value="en"/>
    <property name="java.specification.vendor" value="Oracle Corporation"/>
    <property name="java.home" value="/Library/Java/JavaVirtualMachines/jdk1.8.0_261.jdk/Contents/Home/jre"/>
    <property name="basedir" value="/Users/veeraprathapmalepati/IdeaProjects/RestAssured"/>
    <property name="file.separator" value="/"/>
    <property name="line.separator" value="&#10;"/>
    <property name="java.vm.specification.vendor" value="Oracle Corporation"/>
    <property name="java.specification.name" value="Java Platform API Specification"/>
    <property name="java.awt.graphicsenv" value="sun.awt.CGraphicsEnvironment"/>
    <property name="surefire.real.class.path" value="/Users/veeraprathapmalepati/IdeaProjects/RestAssured/target/surefire/surefirebooter2368835996982627338.jar:/Users/veeraprathapmalepati/.m2/repository/org/aspectj/aspectjweaver/1.9.5/aspectjweaver-1.9.5.jar"/>
    <property name="sun.boot.class.path" value="/Library/Java/JavaVirtualMachines/jdk1.8.0_261.jdk/Contents/Home/jre/lib/resources.jar:/Library/Java/JavaVirtualMachines/jdk1.8.0_261.jdk/Contents/Home/jre/lib/rt.jar:/Library/Java/JavaVirtualMachines/jdk1.8.0_261.jdk/Contents/Home/jre/lib/sunrsasign.jar:/Library/Java/JavaVirtualMachines/jdk1.8.0_261.jdk/Contents/Home/jre/lib/jsse.jar:/Library/Java/JavaVirtualMachines/jdk1.8.0_261.jdk/Contents/Home/jre/lib/jce.jar:/Library/Java/JavaVirtualMachines/jdk1.8.0_261.jdk/Contents/Home/jre/lib/charsets.jar:/Library/Java/JavaVirtualMachines/jdk1.8.0_261.jdk/Contents/Home/jre/lib/jfr.jar:/Library/Java/JavaVirtualMachines/jdk1.8.0_261.jdk/Contents/Home/jre/classes"/>
    <property name="sun.management.compiler" value="HotSpot 64-Bit Tiered Compilers"/>
    <property name="ftp.nonProxyHosts" value="local|*.local|169.254/16|*.169.254/16"/>
    <property name="java.runtime.version" value="1.8.0_261-b12"/>
    <property name="user.name" value="veeraprathapmalepati"/>
    <property name="path.separator" value=":"/>
    <property name="os.version" value="10.15.6"/>
    <property name="java.endorsed.dirs" value="/Library/Java/JavaVirtualMachines/jdk1.8.0_261.jdk/Contents/Home/jre/lib/endorsed"/>
    <property name="java.runtime.name" value="Java(TM) SE Runtime Environment"/>
    <property name="file.encoding" value="UTF-8"/>
    <property name="java.vm.name" value="Java HotSpot(TM) 64-Bit Server VM"/>
    <property name="localRepository" value="/Users/veeraprathapmalepati/.m2/repository"/>
    <property name="java.vendor.url.bug" value="http://bugreport.sun.com/bugreport/"/>
    <property name="java.io.tmpdir" value="/var/folders/zq/fg1ns2v10y9gqffssnv_86dr0000gn/T/"/>
    <property name="idea.version" value="2020.2.1"/>
    <property name="java.version" value="1.8.0_261"/>
    <property name="user.dir" value="/Users/veeraprathapmalepati/IdeaProjects/RestAssured"/>
    <property name="os.arch" value="x86_64"/>
    <property name="java.vm.specification.name" value="Java Virtual Machine Specification"/>
    <property name="java.awt.printerjob" value="sun.lwawt.macosx.CPrinterJob"/>
    <property name="sun.os.patch.level" value="unknown"/>
    <property name="java.library.path" value="/Users/veeraprathapmalepati/Library/Java/Extensions:/Library/Java/Extensions:/Network/Library/Java/Extensions:/System/Library/Java/Extensions:/usr/lib/java:."/>
    <property name="java.vm.info" value="mixed mode"/>
    <property name="java.vendor" value="Oracle Corporation"/>
    <property name="java.vm.version" value="25.261-b12"/>
    <property name="java.ext.dirs" value="/Users/veeraprathapmalepati/Library/Java/Extensions:/Library/Java/JavaVirtualMachines/jdk1.8.0_261.jdk/Contents/Home/jre/lib/ext:/Library/Java/Extensions:/Network/Library/Java/Extensions:/System/Library/Java/Extensions:/usr/lib/java"/>
    <property name="sun.io.unicode.encoding" value="UnicodeBig"/>
    <property name="java.class.version" value="52.0"/>
    <property name="socksNonProxyHosts" value="local|*.local|169.254/16|*.169.254/16"/>
  </properties>
</testsuite>